C51 COMPILER V8.06   WRITE                                                                 01/08/2019 16:43:24 PAGE 1   


C51 COMPILER V8.06, COMPILATION OF MODULE WRITE
OBJECT MODULE PLACED IN write.OBJ
COMPILER INVOKED BY: C:\Keil\C51\BIN\C51.EXE write.c BROWSE DEBUG OBJECTEXTEND

line level    source

   1          #include<reg52.h>
   2          #include<intrins.h>
   3          
   4          #ifndef uchar_uint
   5          #define uchar unsigned char
   6          #define uint unsigned int
   7          #endif
   8          
   9          #define Brightness 0xCF
  10          #define X_WIDTH 128
  11          #define Y_WIDTH 64
  12          
  13          #define D1;   {_nop_();_nop_();_nop_();_nop_();} //>=4.7us
  14          
  15          sbit sck=P3^0;
  16          sbit sda=P3^1;
  17          sbit memCS=P3^2;
  18          sbit disCS=P3^3;
  19          
  20          
  21          
  22          sbit test1=P3^5;
  23          
  24          void delayMs(uint z)
  25          {
  26   1              uint x,y;
  27   1              for(x=z;x>0;x--)
  28   1                      for(y=110;y>0;y--);
  29   1      }
  30          
  31          
  32          void DT()//写数据过程中延时，大约需要i=1100模拟延时成功，取2倍
  33          {
  34   1              uint i=2000;
  35   1              while(i--)
  36   1              D1;
  37   1      }
  38          
  39          
  40          void start(void)
  41          {
  42   1              sda=1;
  43   1              D1;
  44   1              sck=1;
  45   1              D1;
  46   1              sda=0;
  47   1              D1;
  48   1      }
  49          
  50          void stop(void)
  51          {
  52   1              sda=0;
  53   1              D1;
  54   1              sck=1;
  55   1              D1;
C51 COMPILER V8.06   WRITE                                                                 01/08/2019 16:43:24 PAGE 2   

  56   1              sda=1;
  57   1              D1;
  58   1      
  59   1      }
  60          
  61          void ack()
  62          {
  63   1              uchar i;
  64   1              sck=1;
  65   1              D1;;
  66   1              while((sda==1)&&i<200)
  67   1              {
  68   2                      i++;
  69   2              }
  70   1              sck=0;
  71   1              D1;
  72   1      }
  73          
  74          void init()
  75          {
  76   1              sda=1;
  77   1              D1;
  78   1              sck=1;
  79   1              D1;
  80   1      
  81   1      }
  82          
  83          uchar read8()
  84          {
  85   1              uchar i=8,j=0;
  86   1              for(i=0;i<8;i++)
  87   1              {
  88   2      
  89   2                      sck=1;
  90   2                      j<<=1;
  91   2                      j|=sda;
  92   2                      sck=0;
  93   2                      D1;
  94   2              }
  95   1              return j;
  96   1      }
  97          
  98          void write8(uchar dat)
  99          {
 100   1              uchar i;
 101   1              for(i=0;i<8;i++)
 102   1              {
 103   2                      sck=0;
 104   2                      D1;
 105   2                      sda=(bit)(dat&0x80);
 106   2                      D1;
 107   2                      sck=1;
 108   2                      dat<<=1;
 109   2              }
 110   1              sck=0;
 111   1              D1;
 112   1      }
 113          
 114          void memWchar(uchar add,uchar dat,uchar page)     //page in(0-7)
 115          {
 116   1              uchar con=0xa0;
 117   1              con+=(0x07&page)*2;
C51 COMPILER V8.06   WRITE                                                                 01/08/2019 16:43:24 PAGE 3   

 118   1              memCS=0;
 119   1              start();
 120   1              write8(con);
 121   1              ack();
 122   1              write8(add);
 123   1              ack();
 124   1              write8(dat);
 125   1              ack();                                          
 126   1              stop();
 127   1              DT();
 128   1              memCS=1;
 129   1      
 130   1      }
 131          
 132          uchar read(uchar add,uchar page)
 133          {
 134   1              uchar dat,con=0xa0;
 135   1              con+=(0x07&page)*2;
 136   1              start();
 137   1              write8(con);
 138   1              ack();
 139   1              write8(add);
 140   1              ack();
 141   1              con+=(0x07&page)*2;
 142   1              con+=1;
 143   1              start();
 144   1              write8(con);
 145   1              ack();
 146   1              dat=read8();
 147   1              D1;
 148   1              stop();
 149   1              return dat;
 150   1      }
 151          
 152          void disW(uchar dat,uchar com)
 153          {
 154   1              disCS=0;
 155   1              start();
 156   1              write8(0x78);
 157   1              write8(com);
 158   1              write8(dat);
 159   1              stop();
 160   1              disCS=1;
 161   1      }
 162          void disWdat(uchar dat)
 163          {
 164   1              disW(dat,0x40);
 165   1      }
 166          void disWcom(uchar dat)
 167          {
 168   1              disW(dat,0x00);
 169   1      }
 170          void disSetPos(uchar x, uchar y)
 171          {
 172   1              disWcom(0xb0+y);
 173   1              disWcom(((x&0xf0)>>4)|0x10);
 174   1              disWcom((x&0x0f)|0x01);
 175   1      }
 176          void disFill(uchar bmp_dat)
 177          {
 178   1              uchar y,x;
 179   1              for(y=0;y<8;y++)
C51 COMPILER V8.06   WRITE                                                                 01/08/2019 16:43:24 PAGE 4   

 180   1              {
 181   2                      disWcom(0xb0+y);
 182   2                      disWcom(0x01);
 183   2                      disWcom(0x10);
 184   2                      for(x=0;x<X_WIDTH;x++)
 185   2                      disWdat(bmp_dat);
 186   2              }
 187   1      }
 188          void disCLS()
 189          {
 190   1              disFill(0);
 191   1      }
 192          
 193          void main()
 194          {
 195   1              uint i=0;
 196   1              memCS=1;
 197   1              init();
 198   1              for(i=0;i<100;i++)
 199   1              memWchar(i,i,i/256);
 200   1              memCS=0;
 201   1              for(i=101;i<200;i++)
 202   1              memWchar(i,i,i/256);
 203   1              memCS=1;
 204   1              while(1);
 205   1      
 206   1      }
 207          


MODULE INFORMATION:   STATIC OVERLAYABLE
   CODE SIZE        =    472    ----
   CONSTANT SIZE    =   ----    ----
   XDATA SIZE       =   ----    ----
   PDATA SIZE       =   ----    ----
   DATA SIZE        =   ----       3
   IDATA SIZE       =   ----    ----
   BIT SIZE         =   ----    ----
END OF MODULE INFORMATION.


C51 COMPILATION COMPLETE.  0 WARNING(S),  0 ERROR(S)
